[debug] [2021-10-22T13:52:53.815Z] ----------------------------------------------------------------------
[debug] [2021-10-22T13:52:53.818Z] Command:       C:\Program Files\nodejs\node.exe C:\Users\usuario\AppData\Roaming\npm\node_modules\firebase-tools\lib\bin\firebase.js init
[debug] [2021-10-22T13:52:53.818Z] CLI Version:   9.21.0
[debug] [2021-10-22T13:52:53.818Z] Platform:      win32
[debug] [2021-10-22T13:52:53.818Z] Node Version:  v14.17.6
[debug] [2021-10-22T13:52:53.820Z] Time:          Fri Oct 22 2021 10:52:53 GMT-0300 (hora estándar de Argentina)
[debug] [2021-10-22T13:52:53.820Z] ----------------------------------------------------------------------
[debug] 
[debug] [2021-10-22T13:52:53.883Z] > command requires scopes: ["email","openid","https://www.googleapis.com/auth/cloudplatformprojects.readonly","https://www.googleapis.com/auth/firebase","https://www.googleapis.com/auth/cloud-platform"]
[debug] [2021-10-22T13:52:53.883Z] > authorizing via signed-in user (germontalbetti@hotmail.com)
[info] 
     ######## #### ########  ######## ########     ###     ######  ########
     ##        ##  ##     ## ##       ##     ##  ##   ##  ##       ##
     ######    ##  ########  ######   ########  #########  ######  ######
     ##        ##  ##    ##  ##       ##     ## ##     ##       ## ##
     ##       #### ##     ## ######## ########  ##     ##  ######  ########

You're about to initialize a Firebase project in this directory:

  D:\Datos\Desktop\Materiales\WebApplicationTest

Before we get started, keep in mind:

  * You are initializing within an existing Firebase project directory

